INFO:DLIB: Log server started on port 62575
INFO:ENGINE: Target listening with name: DESKTOP-J3AVTF5 - fe80::a0d:3dc1:28:ba42 - Windows
INFO:ENGINE: Engine service started on port 62576
INFO:GRAPHICS: Installed graphics device 'ADAPTER_FAMILY_OPENGL'
INFO:ENGINE: Defold Engine 1.12.3 (0ad9c86)
INFO:PROFILER: Initialized Remotery (ws://127.0.0.1:17815/rmt)
INFO:ENGINE: Loading data from: build/default
INFO:CRASH: Successfully wrote Crashdump to file: C:/Users/kazuyuki/AppData/Roaming/Defold/_crash
ERROR:CRASH: CALL STACK:

ERROR:CRASH:  0 0x7FF63C12E5D0 dmCrash::GenerateCallstack D:\a\defold\defold\engine\crash\src\backtrace_win32.cpp:143
ERROR:CRASH:  1 0x7FF63C12EC70 dmCrash::SignalHandler D:\a\defold\defold\engine\crash\src\backtrace_win32.cpp:294
ERROR:CRASH:  2 0x7FF63C49A688 _seh_filter_exe /tmp/job79085108569888154/minkernel/crts/ucrt/src/appcrt/misc/exception_filter.cpp:219
ERROR:CRASH:  3 0x7FF63C4FA678 `__scrt_common_main_seh'::`1'::filt$0 D:\a\_work\1\s\src\vctools\crt\vcstartup\src\startup\exe_common.inl:304
ERROR:CRASH:  4 0x7FF63C4578F0 __C_specific_handler D:\a\_work\1\s\src\vctools\crt\vcruntime\src\eh\riscchandler.cpp:389
ERROR:CRASH:  5 0x7FFF34C661A0 __chkstk <unknown>:0
ERROR:CRASH:  6 0x7FFF34B11E00 RtlLocateExtendedFeature <unknown>:0
ERROR:CRASH:  7 0x7FFF34C65B50 KiUserExceptionDispatcher <unknown>:0
ERROR:CRASH:  8 0x7FF63C4F94A0 strlen /tmp/job79085108569888154/minkernel/crts/ucrt/src/appcrt/string/amd64/strlen.asm:64
ERROR:CRASH:  9 0x7FF63C124390 lua_setfield <unknown>:0
ERROR:CRASH: 10 0x7FF63C129FE0 luaL_openlib <unknown>:0
ERROR:CRASH: 11 0x7FF63BFF12B0 InitializeAstar /tmp/job79085108569888154/upload/astar/src/astar.cpp:653
ERROR:CRASH: 12 0x7FF63C12CE60 dmExtension::Initialize D:\a\defold\defold\engine\extension\src\extension.cpp:303
ERROR:CRASH: 13 0x7FF63C19BF60 dmEngine::Init D:\a\defold\defold\engine\engine\src\engine.cpp:1224
ERROR:CRASH: 14 0x7FF63C19ACB0 dmEngineCreate D:\a\defold\defold\engine\engine\src\engine.cpp:2587
ERROR:CRASH: 15 0x7FF63C1A1D30 dmEngine::RunLoop D:\a\defold\defold\engine\engine\src\engine_loop.cpp:71
ERROR:CRASH: 16 0x7FF63C07E1B0 engine_main D:\a\defold\defold\engine\engine\src\engine_main.cpp:153
ERROR:CRASH: 17 0x7FF63C457494 __scrt_common_main_seh D:\a\_work\1\s\src\vctools\crt\vcstartup\src\startup\exe_common.inl:288
ERROR:CRASH: 18 0x7FFF347FE8C0 BaseThreadInitThunk <unknown>:0
ERROR:CRASH: 19 0x7FFF34B8C3D0 RtlUserThreadStart <unknown>:0
ERROR:CRASH: 

INFO:CRASH: Successfully wrote MiniDump to file: C:/Users/kazuyuki/AppData/Roaming/Defold/_crash.dmp